2023-11-06 16:49:50 [로그] error: {"code":-200}
2023-11-06 16:49:50 [로그] error: {"code":-200}
2023-11-06 16:50:33 [로그] error: {"code":-200}
2023-11-06 16:50:34 [로그] error: {"code":-200}
2023-11-06 16:50:47 [로그] error: {"code":-200}
2023-11-06 16:50:47 [로그] error: {"code":-200}
2023-11-06 16:51:22 [로그] error: {"code":-200}
2023-11-06 16:51:23 [로그] error: {"code":-200}
2023-11-06 16:51:52 [로그] error: {"code":-200}
2023-11-06 16:51:52 [로그] error: {"code":-200}
2023-11-06 16:53:37 [로그] error: {}
2023-11-06 16:54:36 [로그] error: {}
2023-11-06 16:54:51 [로그] error: {}
2023-11-06 16:55:55 [로그] error: {}
2023-11-06 16:56:07 [로그] error: {}
2023-11-06 16:56:34 [로그] error: {}
2023-11-06 16:58:03 [로그] error: {}
2023-11-06 17:02:54 [로그] error: {}
2023-11-06 17:04:23 [로그] error: {}
{"label":"로그","level":"error","message":"{}","timestamp":"2023-11-06 17:05:53"}
{"label":"로그","level":"error","message":"{}","timestamp":"2023-11-06 17:06:18"}
2023-11-06 17:08:11 [Winston 연습 어플리케이션] error: {}
2023-11-06 17:09:37 [] error: {}
2023-11-06 17:10:57 [] error: {}
2023-11-06 17:11:32 [] error: {}
2023-11-06 17:14:47 [] error: err
2023-11-06 17:15:12 [] error: err
2023-11-06 17:17:42 [] error: {}
2023-11-06 17:34:58 [] error: {"result_cd":"ST09","result_msg":"카드번호는 숫자만 가능합니다.","temp":"{\"pmod_id\":\"\",\"temp\":\"\",\"phone\":\"12\",\"tid\":\"\",\"buyer_name\":\"\\uac1c\\ubc1c\\uc790\"}"}
2023-11-06 17:35:49 [] error: {"result_cd":"ST09","result_msg":"카드번호는 숫자만 가능합니다.","temp":"{\"pmod_id\":\"\",\"temp\":\"\",\"phone\":\"12\",\"tid\":\"\",\"buyer_name\":\"\\uac1c\\ubc1c\\uc790\"}"}
2023-11-06 17:36:58 [] error: {"result_cd":"ST09","result_msg":"카드번호는 숫자만 가능합니다.","temp":"{\"pmod_id\":\"\",\"temp\":\"\",\"phone\":\"12\",\"tid\":\"\",\"buyer_name\":\"\\uac1c\\ubc1c\\uc790\"}"}
2023-11-06 17:37:16 [] error: {"result_cd":"ST09","result_msg":"카드번호는 숫자만 가능합니다.","temp":"{\"pmod_id\":\"\",\"temp\":\"\",\"phone\":\"12\",\"tid\":\"\",\"buyer_name\":\"\\uac1c\\ubc1c\\uc790\"}"}
2023-11-06 17:37:44 [] error: {"result_cd":"ST09","result_msg":"카드유효기간정보는 숫자만 가능합니다. (월 2자리, 년 2자리)","temp":"{\"pmod_id\":\"\",\"temp\":\"\",\"phone\":\"12\",\"tid\":\"\",\"buyer_name\":\"\\uac1c\\ubc1c\\uc790\"}"}
2023-11-06 17:38:01 [] error: {"result_cd":"CA52","result_msg":"서비스가 불가능한 카드입니다.","temp":"{\"pmod_id\":\"\",\"temp\":\"\",\"phone\":\"12\",\"tid\":\"\",\"buyer_name\":\"\\uac1c\\ubc1c\\uc790\"}"}
2023-11-06 17:38:55 [] error: {"result_cd":"CA20","result_msg":"카드유효기간이 유효하지 않습니다.","temp":"{\"pmod_id\":\"\",\"temp\":49,\"phone\":\"12\",\"tid\":\"\",\"buyer_name\":\"\\uac1c\\ubc1c\\uc790\"}"}
2023-11-06 17:39:52 [] error: {"name":"TokenExpiredError","message":"jwt expired","expiredAt":"2023-11-06T08:39:30.000Z"}
2023-11-06 17:39:52 [] error: {"name":"TokenExpiredError","message":"jwt expired","expiredAt":"2023-11-06T08:39:30.000Z"}
2023-11-06 17:39:54 [] error: {"name":"TokenExpiredError","message":"jwt expired","expiredAt":"2023-11-06T08:39:30.000Z"}
2023-11-06 17:39:55 [] error: {"name":"TokenExpiredError","message":"jwt expired","expiredAt":"2023-11-06T08:39:30.000Z"}
2023-11-06 17:40:52 [] error: {"name":"TokenExpiredError","message":"jwt expired","expiredAt":"2023-11-06T08:39:30.000Z"}
2023-11-06 17:40:53 [] error: {"name":"TokenExpiredError","message":"jwt expired","expiredAt":"2023-11-06T08:39:30.000Z"}
2023-11-06 17:41:23 [] error: {"name":"TokenExpiredError","message":"jwt expired","expiredAt":"2023-11-06T08:39:30.000Z"}
2023-11-06 17:41:24 [] error: {"name":"TokenExpiredError","message":"jwt expired","expiredAt":"2023-11-06T08:39:30.000Z"}
2023-11-06 17:41:35 [] error: {"name":"TokenExpiredError","message":"jwt expired","expiredAt":"2023-11-06T08:39:30.000Z"}
2023-11-06 17:41:36 [] error: {"name":"TokenExpiredError","message":"jwt expired","expiredAt":"2023-11-06T08:39:30.000Z"}
2023-11-06 17:41:49 [] error: {"name":"TokenExpiredError","message":"jwt expired","expiredAt":"2023-11-06T08:39:30.000Z"}
2023-11-06 17:41:49 [] error: {"name":"TokenExpiredError","message":"jwt expired","expiredAt":"2023-11-06T08:39:30.000Z"}
2023-11-06 17:41:55 [] error: {"name":"TokenExpiredError","message":"jwt expired","expiredAt":"2023-11-06T08:39:30.000Z"}
2023-11-06 17:41:55 [] error: {"name":"TokenExpiredError","message":"jwt expired","expiredAt":"2023-11-06T08:39:30.000Z"}
2023-11-06 17:42:36 [] error: {"name":"TokenExpiredError","message":"jwt expired","expiredAt":"2023-11-06T08:39:30.000Z"}
2023-11-06 17:42:37 [] error: {"name":"TokenExpiredError","message":"jwt expired","expiredAt":"2023-11-06T08:39:30.000Z"}
2023-11-06 17:43:38 [] error: {"name":"TokenExpiredError","message":"jwt expired","expiredAt":"2023-11-06T08:39:30.000Z"}
2023-11-06 17:43:38 [] error: {"name":"TokenExpiredError","message":"jwt expired","expiredAt":"2023-11-06T08:39:30.000Z"}
2023-11-06 17:43:39 [] error: {"name":"TokenExpiredError","message":"jwt expired","expiredAt":"2023-11-06T08:39:30.000Z"}
2023-11-06 17:43:40 [] error: {"name":"TokenExpiredError","message":"jwt expired","expiredAt":"2023-11-06T08:39:30.000Z"}
2023-11-06 17:43:43 [] error: {"name":"TokenExpiredError","message":"jwt expired","expiredAt":"2023-11-06T08:39:30.000Z"}
2023-11-06 17:43:43 [] error: {"name":"TokenExpiredError","message":"jwt expired","expiredAt":"2023-11-06T08:39:30.000Z"}
2023-11-06 17:43:43 [] error: {"name":"TokenExpiredError","message":"jwt expired","expiredAt":"2023-11-06T08:39:30.000Z"}
2023-11-06 17:43:43 [] error: {"name":"TokenExpiredError","message":"jwt expired","expiredAt":"2023-11-06T08:39:30.000Z"}
2023-11-06 17:43:43 [] error: {"name":"TokenExpiredError","message":"jwt expired","expiredAt":"2023-11-06T08:39:30.000Z"}
2023-11-06 17:43:43 [] error: {"name":"TokenExpiredError","message":"jwt expired","expiredAt":"2023-11-06T08:39:30.000Z"}
2023-11-06 17:43:43 [] error: {"name":"TokenExpiredError","message":"jwt expired","expiredAt":"2023-11-06T08:39:30.000Z"}
2023-11-06 17:43:43 [] error: {"name":"TokenExpiredError","message":"jwt expired","expiredAt":"2023-11-06T08:39:30.000Z"}
2023-11-06 17:43:43 [] error: {"name":"TokenExpiredError","message":"jwt expired","expiredAt":"2023-11-06T08:39:30.000Z"}
2023-11-06 17:43:44 [] error: {"name":"TokenExpiredError","message":"jwt expired","expiredAt":"2023-11-06T08:39:30.000Z"}
2023-11-06 17:43:44 [] error: {"name":"TokenExpiredError","message":"jwt expired","expiredAt":"2023-11-06T08:39:30.000Z"}
2023-11-06 17:43:44 [] error: {"name":"TokenExpiredError","message":"jwt expired","expiredAt":"2023-11-06T08:39:30.000Z"}
2023-11-06 17:43:44 [] error: {"name":"TokenExpiredError","message":"jwt expired","expiredAt":"2023-11-06T08:39:30.000Z"}
2023-11-06 17:43:44 [] error: {"name":"TokenExpiredError","message":"jwt expired","expiredAt":"2023-11-06T08:39:30.000Z"}
2023-11-06 17:44:18 [] error: {"name":"TokenExpiredError","message":"jwt expired","expiredAt":"2023-11-06T08:39:30.000Z"}
2023-11-06 17:44:18 [] error: {"name":"TokenExpiredError","message":"jwt expired","expiredAt":"2023-11-06T08:39:30.000Z"}
2023-11-06 17:44:18 [] error: {"name":"TokenExpiredError","message":"jwt expired","expiredAt":"2023-11-06T08:39:30.000Z"}
2023-11-06 17:44:18 [] error: {"name":"TokenExpiredError","message":"jwt expired","expiredAt":"2023-11-06T08:39:30.000Z"}
2023-11-06 17:44:18 [] error: {"name":"TokenExpiredError","message":"jwt expired","expiredAt":"2023-11-06T08:39:30.000Z"}
2023-11-06 17:44:18 [] error: {"name":"TokenExpiredError","message":"jwt expired","expiredAt":"2023-11-06T08:39:30.000Z"}
2023-11-06 17:44:18 [] error: {"name":"TokenExpiredError","message":"jwt expired","expiredAt":"2023-11-06T08:39:30.000Z"}
2023-11-06 17:44:18 [] error: {"name":"TokenExpiredError","message":"jwt expired","expiredAt":"2023-11-06T08:39:30.000Z"}
2023-11-06 17:44:18 [] error: {"name":"TokenExpiredError","message":"jwt expired","expiredAt":"2023-11-06T08:39:30.000Z"}
2023-11-06 17:44:18 [] error: {"name":"TokenExpiredError","message":"jwt expired","expiredAt":"2023-11-06T08:39:30.000Z"}
2023-11-06 17:44:18 [] error: {"name":"TokenExpiredError","message":"jwt expired","expiredAt":"2023-11-06T08:39:30.000Z"}
2023-11-06 17:44:18 [] error: {"name":"TokenExpiredError","message":"jwt expired","expiredAt":"2023-11-06T08:39:30.000Z"}
2023-11-06 17:44:18 [] error: {"name":"TokenExpiredError","message":"jwt expired","expiredAt":"2023-11-06T08:39:30.000Z"}
2023-11-06 17:44:18 [] error: {"name":"TokenExpiredError","message":"jwt expired","expiredAt":"2023-11-06T08:39:30.000Z"}
2023-11-06 17:48:02 [] error: {"code":-200}
2023-11-06 17:48:02 [] error: {"code":-200}
2023-11-06 17:57:34 [] error: {"code":-200}
